<?xml version="1.0" encoding="UTF-8" ?>
<!-- 
    This XML file represents the test results of the com.example.AppTest class.
    It contains information about the tests performed, including properties related to the Java environment and individual test cases with their respective results.
-->
<testsuite tests="8" failures="0" name="com.example.AppTest" time="1.769" errors="0" skipped="0">

    <!-- Properties related to the Java environment -->
    <properties>
        <!-- Information about the Java runtime environment -->
        <property name="java.runtime.name" value="OpenJDK Runtime Environment"/>
        <!-- Version of the Java Virtual Machine -->
        <property name="java.vm.version" value="11.0.21+9-post-Ubuntu-0ubuntu122.04"/>
        <!-- Path to the boot library of the Java runtime -->
        <property name="sun.boot.library.path" value="/usr/lib/jvm/java-11-openjdk-amd64/lib"/>
        <!-- Directory of the multi-module Maven project -->
        <property name="maven.multiModuleProjectDirectory" value="/home/vboxuser/SPE_MINI_Project/calcy"/>
        <!-- Vendor of the Java Virtual Machine -->
        <property name="java.vm.vendor" value="Ubuntu"/>
        <!-- URL of the vendor -->
        <property name="java.vendor.url" value="https://ubuntu.com/"/>
        <!-- Property related to Guice annotation check -->
        <property name="guice.disable.misplaced.annotation.check" value="true"/>
        <!-- Separator used in the system's path -->
        <property name="path.separator" value=":"/>
        <!-- Name of the Java Virtual Machine -->
        <property name="java.vm.name" value="OpenJDK 64-Bit Server VM"/>
        <!-- Patch level of the operating system -->
        <property name="sun.os.patch.level" value="unknown"/>
        <!-- Country of the user -->
        <property name="user.country" value="IN"/>
        <!-- Launcher used to launch Java -->
        <property name="sun.java.launcher" value="SUN_STANDARD"/>
        <!-- Name of the Java Virtual Machine Specification -->
        <property name="java.vm.specification.name" value="Java Virtual Machine Specification"/>
        <!-- Current working directory of the user -->
        <property name="user.dir" value="/home/vboxuser/SPE_MINI_Project/calcy"/>
        <!-- Mode of compressed object pointers (Oops) in the Java Virtual Machine -->
        <property name="java.vm.compressedOopsMode" value="32-bit"/>
        <!-- Version of the Java runtime -->
        <property name="java.runtime.version" value="11.0.21+9-post-Ubuntu-0ubuntu122.04"/>
        <!-- Graphics environment used by AWT -->
        <property name="java.awt.graphicsenv" value="sun.awt.X11GraphicsEnvironment"/>
        <!-- Architecture of the operating system -->
        <property name="os.arch" value="amd64"/>
        <!-- Directory for temporary files -->
        <property name="java.io.tmpdir" value="/tmp"/>
        <!-- Line separator used in the system -->
        <property name="line.separator" value="
"/>
        <!-- Vendor of the Java Virtual Machine Specification -->
        <property name="java.vm.specification.vendor" value="Oracle Corporation"/>
        <!-- Name of the operating system -->
        <property name="os.name" value="Linux"/>
        <!-- Configuration file for the Maven classworlds -->
        <property name="classworlds.conf" value="/usr/share/maven/bin/m2.conf"/>
        <!-- Encoding used by the JNI interface -->
        <property name="sun.jnu.encoding" value="UTF-8"/>
        <!-- Path to the library files -->
        <property name="java.library.path" value="/usr/java/packages/lib:/usr/lib/x86_64-linux-gnu/jni:/lib/x86_64-linux-gnu:/usr/lib/x86_64-linux-gnu:/usr/lib/jni:/lib:/usr/lib"/>
        <!-- Configuration directory for Maven -->
        <property name="maven.conf" value="/usr/share/maven/conf"/>
        <!-- Debugging information for the Java Development Kit -->
        <property name="jdk.debug" value="release"/>
        <!-- Java class file version -->
        <property name="java.class.version" value="55.0"/>
        <!-- Name of the Java Platform API Specification -->
        <property name="java.specification.name" value="Java Platform API Specification"/>
        <!-- Compiler used by the management API -->
        <property name="sun.management.compiler" value="HotSpot 64-Bit Tiered Compilers"/>
        <!-- Version of the operating system -->
        <property name="os.version" value="6.5.0-17-generic"/>
        <!-- Path to the Jansi library -->
        <property name="library.jansi.path" value="/usr/share/maven/lib/jansi-native"/>
        <!-- User's home directory -->
        <property name="user.home" value="/home/vboxuser"/>
        <!-- Timezone of the user -->
        <property name="user.timezone" value="Asia/Calcutta"/>
        <!-- Printer job used by AWT -->
        <property name="java.awt.printerjob" value="sun.print.PSPrinterJob"/>
        <!-- File encoding used by the system -->
        <property name="file.encoding" value="UTF-8"/>
        <!-- Version of the Java specification -->
        <property name="java.specification.version" value="11"/>
        <!-- Username of the user -->
        <property name="user.name" value="vboxuser"/>
        <!-- Class path used by the Java Virtual Machine -->
        <property name="java.class.path" value="/usr/share/maven/boot/plexus-classworlds-2.x.jar"/>
        <!-- Version of the Java Virtual Machine Specification -->
        <property name="java.vm.specification.version" value="11"/>
        <!-- Data model of the CPU architecture -->
        <property name="sun.arch.data.model" value="64"/>
        <!-- Command used to launch Java -->
        <property name="sun.java.command" value="org.codehaus.plexus.classworlds.launcher.Launcher clean install"/>
        <!-- Home directory of the Java installation -->
        <property name="java.home" value="/usr/lib/jvm/java-11-openjdk-amd64"/>
        <!-- Language preference of the user -->
        <property name="user.language" value="en"/>
        <!-- Vendor of the Java specification -->
        <property name="java.specification.vendor" value="Oracle Corporation"/>
        <!-- Toolkit used by AWT -->
        <property name="awt.toolkit" value="sun.awt.X11.XToolkit"/>
        <!-- Information about the Java Virtual Machine -->
        <property name="java.vm.info" value="mixed mode, sharing"/>
        <!-- Version of Java -->
        <property name="java.version" value="11.0.21"/>
        <!-- Vendor of Java -->
        <property name="java.vendor" value="Ubuntu"/>
        <!-- Maintenance version of the Java specification -->
        <property name="java.specification.maintenance.version" value="2"/>
        <!-- Home directory of Maven -->
        <property name="maven.home" value="/usr/share/maven"/>
        <!-- File separator used by the system -->
        <property name="file.separator" value="/"/>
        <!-- Date of the Java version -->
        <property name="java.version.date" value="2023-10-17"/>
        <!-- Bug reporting URL for the vendor -->
        <property name="java.vendor.url.bug" value="https://bugs.launchpad.net/ubuntu/+source/openjdk-lts"/>
        <!-- Unicode encoding used by the system -->
        <property name="sun.io.unicode.encoding" value="UnicodeLittle"/>
        <!-- Endianness of the CPU -->
        <property name="sun.cpu.endian" value="little"/>
        <!-- Desktop environment used by the user -->
        <property name="sun.desktop" value="gnome"/>
        <!-- ISA (Instruction Set Architecture) list for the CPU -->
        <property name="sun.cpu.isalist" value=""/>
    </properties>

    <!-- Individual test cases with their results -->
    <!-- Test case for square root calculation with positive numbers -->
    <testcase classname="com.example.AppTest" name="testSquareRootWithPositiveNumbers" time="1.733"/>
    <!-- Test case for square root calculation with negative numbers -->
    <testcase classname="com.example.AppTest" name="testSquareRootWithNegativeNumbers" time="0"/>
    <!-- Test case for power calculation with positive numbers -->
    <testcase classname="com.example.AppTest" name="testPowerWithPositiveNumbers" time="0.033"/>
    <!-- Test case for power calculation with negative numbers -->
    <testcase classname="com.example.AppTest" name="testPowerWithNegativeNumbers" time="0.001"/>
    <!-- Test case for factorial calculation with positive numbers -->
    <testcase classname="com.example.AppTest" name="testFactorialWithPositiveNumbers" time="0"/>
    <!-- Test case for factorial calculation with negative numbers -->
    <testcase classname="com.example.AppTest" name="testFactorialWithNegativeNumbers" time="0.001"/>
    <!-- Test case for natural logarithm calculation with positive numbers -->
    <testcase classname="com.example.AppTest" name="testNaturalLogWithPositiveNumbers" time="0.001"/>
    <!-- Test case for natural logarithm calculation with negative numbers -->
    <testcase classname="com.example.AppTest" name="testNaturalLogWithNegativeNumbers" time="0"/>
</testsuite>
